[2017-10-05 15:20:08,068] INFO: tpe_transform took 0.000475 seconds
[2017-10-05 15:20:08,068] INFO: TPE using 0 trials
[2017-10-05 15:20:10,403] INFO: ==================================================
[2017-10-05 15:20:10,403] INFO: Params
[2017-10-05 15:20:10,403] INFO:       batch_size: 5000
[2017-10-05 15:20:10,403] INFO:       contiguous_sampling: False
[2017-10-05 15:20:10,403] INFO:       embedding_size: 50
[2017-10-05 15:20:10,404] INFO:       l2_reg_lambda: 0.0001
[2017-10-05 15:20:10,404] INFO:       lr: 0.006
[2017-10-05 15:20:10,404] INFO:       max_iter: 10000
[2017-10-05 15:20:10,404] INFO:       neg_ratio: 1
[2017-10-05 15:20:10,404] INFO:       valid_every: 700
[2017-10-05 15:20:10,404] INFO: Results
[2017-10-05 15:20:10,404] INFO: 		Run		Step		Raw MRR		Filtered MRR
[2017-10-05 15:23:48,546] INFO: 		0		1400		0.014438		0.017306
[2017-10-05 15:23:48,547] INFO: CV Raw MRR: 0.014438
[2017-10-05 15:23:48,547] INFO: CV Filtered MRR: 0.017306
[2017-10-05 15:23:48,547] INFO: Raw: Hits@1 0.000 Hits@3 0.003 Hits@10 0.028
[2017-10-05 15:23:48,547] INFO: Filtered: Hits@1 0.003 Hits@3 0.008 Hits@10 0.032
[2017-10-05 15:23:48,547] INFO: --------------------------------------------------
[2017-10-05 15:23:48,552] INFO: --------------------------------------------------
[2017-10-05 15:23:48,552] INFO: Best CV Results:
[2017-10-05 15:23:48,552] INFO: Raw MRR: 0.014438
[2017-10-05 15:23:48,552] INFO: Filtered MRR: 0.017306
[2017-10-05 15:23:48,552] INFO: Raw: Hits@1 0.000 Hits@3 0.003 Hits@10 0.028
[2017-10-05 15:23:48,552] INFO: Filtered: Hits@1 0.003 Hits@3 0.008 Hits@10 0.032
[2017-10-05 15:23:48,552] INFO: Best Param:
[2017-10-05 15:23:48,553] INFO:       batch_size: 5000
[2017-10-05 15:23:48,553] INFO:       contiguous_sampling: False
[2017-10-05 15:23:48,553] INFO:       embedding_size: 50
[2017-10-05 15:23:48,553] INFO:       l2_reg_lambda: 0.0001
[2017-10-05 15:23:48,553] INFO:       lr: 0.006
[2017-10-05 15:23:48,553] INFO:       max_iter: 10000
[2017-10-05 15:23:48,553] INFO:       neg_ratio: 1
[2017-10-05 15:23:48,553] INFO:       valid_every: 700
[2017-10-05 15:23:48,553] INFO: --------------------------------------------------
