[2017-10-05 14:57:17,859] INFO: tpe_transform took 0.000523 seconds
[2017-10-05 14:57:17,859] INFO: TPE using 0 trials
[2017-10-05 14:57:21,185] INFO: ==================================================
[2017-10-05 14:57:21,186] INFO: Params
[2017-10-05 14:57:21,186] INFO:       batch_size: 5000
[2017-10-05 14:57:21,186] INFO:       contiguous_sampling: False
[2017-10-05 14:57:21,186] INFO:       embedding_size: 50
[2017-10-05 14:57:21,186] INFO:       l2_reg_lambda: 0.0001
[2017-10-05 14:57:21,186] INFO:       lr: 0.006
[2017-10-05 14:57:21,186] INFO:       max_iter: 10000
[2017-10-05 14:57:21,186] INFO:       neg_ratio: 1
[2017-10-05 14:57:21,186] INFO:       valid_every: 100
[2017-10-05 14:57:21,187] INFO: Results
[2017-10-05 14:57:21,187] INFO: 		Run		Step		Raw MRR		Filtered MRR
[2017-10-05 15:00:05,975] INFO: 		0		200		0.040204		0.050239
[2017-10-05 15:00:05,975] INFO: CV Raw MRR: 0.040204
[2017-10-05 15:00:05,975] INFO: CV Filtered MRR: 0.050239
[2017-10-05 15:00:05,976] INFO: Raw: Hits@1 0.000 Hits@3 0.019 Hits@10 0.108
[2017-10-05 15:00:05,976] INFO: Filtered: Hits@1 0.007 Hits@3 0.040 Hits@10 0.112
[2017-10-05 15:00:05,976] INFO: --------------------------------------------------
[2017-10-05 15:00:05,983] INFO: --------------------------------------------------
[2017-10-05 15:00:05,983] INFO: Best CV Results:
[2017-10-05 15:00:05,983] INFO: Raw MRR: 0.040204
[2017-10-05 15:00:05,983] INFO: Filtered MRR: 0.050239
[2017-10-05 15:00:05,983] INFO: Raw: Hits@1 0.000 Hits@3 0.019 Hits@10 0.108
[2017-10-05 15:00:05,983] INFO: Filtered: Hits@1 0.007 Hits@3 0.040 Hits@10 0.112
[2017-10-05 15:00:05,983] INFO: Best Param:
[2017-10-05 15:00:05,983] INFO:       batch_size: 5000
[2017-10-05 15:00:05,984] INFO:       contiguous_sampling: False
[2017-10-05 15:00:05,984] INFO:       embedding_size: 50
[2017-10-05 15:00:05,984] INFO:       l2_reg_lambda: 0.0001
[2017-10-05 15:00:05,984] INFO:       lr: 0.006
[2017-10-05 15:00:05,984] INFO:       max_iter: 10000
[2017-10-05 15:00:05,984] INFO:       neg_ratio: 1
[2017-10-05 15:00:05,984] INFO:       valid_every: 100
[2017-10-05 15:00:05,984] INFO: --------------------------------------------------
