[2017-10-05 15:03:34,917] INFO: tpe_transform took 0.000477 seconds
[2017-10-05 15:03:34,917] INFO: TPE using 0 trials
[2017-10-05 15:03:37,542] INFO: ==================================================
[2017-10-05 15:03:37,542] INFO: Params
[2017-10-05 15:03:37,542] INFO:       batch_size: 5000
[2017-10-05 15:03:37,542] INFO:       contiguous_sampling: False
[2017-10-05 15:03:37,542] INFO:       embedding_size: 50
[2017-10-05 15:03:37,542] INFO:       l2_reg_lambda: 0.0001
[2017-10-05 15:03:37,542] INFO:       lr: 0.006
[2017-10-05 15:03:37,542] INFO:       max_iter: 10000
[2017-10-05 15:03:37,542] INFO:       neg_ratio: 1
[2017-10-05 15:03:37,542] INFO:       valid_every: 100
[2017-10-05 15:03:37,542] INFO: Results
[2017-10-05 15:03:37,542] INFO: 		Run		Step		Raw MRR		Filtered MRR
[2017-10-05 15:08:10,254] INFO: 		0		600		0.034730		0.047996
[2017-10-05 15:08:10,254] INFO: CV Raw MRR: 0.034730
[2017-10-05 15:08:10,254] INFO: CV Filtered MRR: 0.047996
[2017-10-05 15:08:10,254] INFO: Raw: Hits@1 0.000 Hits@3 0.022 Hits@10 0.082
[2017-10-05 15:08:10,254] INFO: Filtered: Hits@1 0.020 Hits@3 0.029 Hits@10 0.094
[2017-10-05 15:08:10,254] INFO: --------------------------------------------------
[2017-10-05 15:08:10,259] INFO: --------------------------------------------------
[2017-10-05 15:08:10,259] INFO: Best CV Results:
[2017-10-05 15:08:10,259] INFO: Raw MRR: 0.034730
[2017-10-05 15:08:10,259] INFO: Filtered MRR: 0.047996
[2017-10-05 15:08:10,259] INFO: Raw: Hits@1 0.000 Hits@3 0.022 Hits@10 0.082
[2017-10-05 15:08:10,259] INFO: Filtered: Hits@1 0.020 Hits@3 0.029 Hits@10 0.094
[2017-10-05 15:08:10,259] INFO: Best Param:
[2017-10-05 15:08:10,259] INFO:       batch_size: 5000
[2017-10-05 15:08:10,259] INFO:       contiguous_sampling: False
[2017-10-05 15:08:10,259] INFO:       embedding_size: 50
[2017-10-05 15:08:10,260] INFO:       l2_reg_lambda: 0.0001
[2017-10-05 15:08:10,260] INFO:       lr: 0.006
[2017-10-05 15:08:10,260] INFO:       max_iter: 10000
[2017-10-05 15:08:10,260] INFO:       neg_ratio: 1
[2017-10-05 15:08:10,260] INFO:       valid_every: 100
[2017-10-05 15:08:10,260] INFO: --------------------------------------------------
