[2017-10-05 15:12:16,270] INFO: tpe_transform took 0.000475 seconds
[2017-10-05 15:12:16,270] INFO: TPE using 0 trials
[2017-10-05 15:12:18,751] INFO: ==================================================
[2017-10-05 15:12:18,751] INFO: Params
[2017-10-05 15:12:18,751] INFO:       batch_size: 5000
[2017-10-05 15:12:18,751] INFO:       contiguous_sampling: False
[2017-10-05 15:12:18,751] INFO:       embedding_size: 50
[2017-10-05 15:12:18,752] INFO:       l2_reg_lambda: 0.0001
[2017-10-05 15:12:18,752] INFO:       lr: 0.006
[2017-10-05 15:12:18,752] INFO:       max_iter: 10000
[2017-10-05 15:12:18,752] INFO:       neg_ratio: 1
[2017-10-05 15:12:18,752] INFO:       valid_every: 100
[2017-10-05 15:12:18,752] INFO: Results
[2017-10-05 15:12:18,752] INFO: 		Run		Step		Raw MRR		Filtered MRR
[2017-10-05 15:17:28,918] INFO: 		0		600		0.034921		0.049222
[2017-10-05 15:17:28,919] INFO: CV Raw MRR: 0.034921
[2017-10-05 15:17:28,919] INFO: CV Filtered MRR: 0.049222
[2017-10-05 15:17:28,919] INFO: Raw: Hits@1 0.000 Hits@3 0.026 Hits@10 0.072
[2017-10-05 15:17:28,919] INFO: Filtered: Hits@1 0.022 Hits@3 0.028 Hits@10 0.087
[2017-10-05 15:17:28,919] INFO: --------------------------------------------------
[2017-10-05 15:17:28,924] INFO: --------------------------------------------------
[2017-10-05 15:17:28,924] INFO: Best CV Results:
[2017-10-05 15:17:28,924] INFO: Raw MRR: 0.034921
[2017-10-05 15:17:28,924] INFO: Filtered MRR: 0.049222
[2017-10-05 15:17:28,924] INFO: Raw: Hits@1 0.000 Hits@3 0.026 Hits@10 0.072
[2017-10-05 15:17:28,924] INFO: Filtered: Hits@1 0.022 Hits@3 0.028 Hits@10 0.087
[2017-10-05 15:17:28,924] INFO: Best Param:
[2017-10-05 15:17:28,924] INFO:       batch_size: 5000
[2017-10-05 15:17:28,924] INFO:       contiguous_sampling: False
[2017-10-05 15:17:28,924] INFO:       embedding_size: 50
[2017-10-05 15:17:28,924] INFO:       l2_reg_lambda: 0.0001
[2017-10-05 15:17:28,924] INFO:       lr: 0.006
[2017-10-05 15:17:28,925] INFO:       max_iter: 10000
[2017-10-05 15:17:28,925] INFO:       neg_ratio: 1
[2017-10-05 15:17:28,925] INFO:       valid_every: 100
[2017-10-05 15:17:28,925] INFO: --------------------------------------------------
